This file contains any messages produced by compilers while
running configure, to aid debugging if configure makes a mistake.

It was created by xpa configure 2.1.15, which was
generated by GNU Autoconf 2.63.  Invocation command line was

  $ ./configure 

## --------- ##
## Platform. ##
## --------- ##

hostname = intimachay.stsci.edu
uname -m = x86_64
uname -r = 10.8.0
uname -s = Darwin
uname -v = Darwin Kernel Version 10.8.0: Tue Jun  7 16:32:41 PDT 2011; root:xnu-1504.15.3~1/RELEASE_X86_64

/usr/bin/uname -p = i386
/bin/uname -X     = unknown

/bin/arch              = unknown
/usr/bin/arch -k       = unknown
/usr/convex/getsysinfo = unknown
/usr/bin/hostinfo      = Mach kernel version:
	 Darwin Kernel Version 10.8.0: Tue Jun  7 16:32:41 PDT 2011; root:xnu-1504.15.3~1/RELEASE_X86_64
Kernel configured for up to 8 processors.
4 processors are physically available.
8 processors are logically available.
Processor type: i486 (Intel 80486)
Processors active: 0 1 2 3 4 5 6 7
Primary memory available: 8.00 gigabytes
Default processor set: 113 tasks, 749 threads, 8 processors
Load average: 0.43, Mach factor: 7.56
/bin/machine           = unknown
/usr/bin/oslevel       = unknown
/bin/universe          = unknown

PATH: /usr/stsci/pyssgx/2.7.3.stsci_python/bin
PATH: /usr/stsci/pyssgx/Python-2.7.3/bin
PATH: /usr/stsci/pyssgx/2.7.3.jwst/bin
PATH: /usr/stsci/hstcalx/bin
PATH: /usr/stsci/irafx/bin
PATH: /Applications/ST_sci/SEXTRACTOR/bin
PATH: /Applications/ST_sci/SM/bin
PATH: /Applications/ST_sci/bin
PATH: /sw/bin
PATH: /sw/sbin
PATH: /sw32/bin
PATH: /sw32/sbin
PATH: .
PATH: /Users/sosey/stbin
PATH: /Users/sosey/bin
PATH: /usr/bin
PATH: /bin
PATH: /usr/sbin
PATH: /sbin
PATH: /usr/local/bin
PATH: /usr/local/git/bin
PATH: /usr/texbin
PATH: /usr/X11/bin
PATH: /usr/X11R6/bin


## ----------- ##
## Core tests. ##
## ----------- ##

configure:1883: checking build system type
configure:1901: result: i386-apple-darwin10.8.0
configure:1923: checking host system type
configure:1938: result: i386-apple-darwin10.8.0
configure:2015: checking for gcc
configure:2042: result: cc
configure:2274: checking for C compiler version
configure:2282: cc --version >&5
i686-apple-darwin10-gcc-4.2.1 (GCC) 4.2.1 (Apple Inc. build 5664)
Copyright (C) 2007 Free Software Foundation, Inc.
This is free software; see the source for copying conditions.  There is NO
warranty; not even for MERCHANTABILITY or FITNESS FOR A PARTICULAR PURPOSE.

configure:2286: $? = 0
configure:2293: cc -v >&5
Using built-in specs.
Target: i686-apple-darwin10
Configured with: /var/tmp/gcc/gcc-5664~105/src/configure --disable-checking --enable-werror --prefix=/usr --mandir=/share/man --enable-languages=c,objc,c++,obj-c++ --program-transform-name=/^[cg][^.-]*$/s/$/-4.2/ --with-slibdir=/usr/lib --build=i686-apple-darwin10 --program-prefix=i686-apple-darwin10- --host=x86_64-apple-darwin10 --target=i686-apple-darwin10 --with-gxx-include-dir=/include/c++/4.2.1
Thread model: posix
gcc version 4.2.1 (Apple Inc. build 5664)
configure:2297: $? = 0
configure:2304: cc -V >&5
gcc-4.2: argument to `-V' is missing
configure:2308: $? = 1
configure:2331: checking for C compiler default output file name
configure:2353: cc    conftest.c  >&5
configure:2357: $? = 0
configure:2395: result: a.out
configure:2414: checking whether the C compiler works
configure:2424: ./a.out
configure:2428: $? = 0
configure:2447: result: yes
configure:2454: checking whether we are cross compiling
configure:2456: result: no
configure:2459: checking for suffix of executables
configure:2466: cc -o conftest    conftest.c  >&5
configure:2470: $? = 0
configure:2496: result: 
configure:2502: checking for suffix of object files
configure:2528: cc -c   conftest.c >&5
configure:2532: $? = 0
configure:2557: result: o
configure:2561: checking whether we are using the GNU C compiler
configure:2590: cc -c   conftest.c >&5
configure:2597: $? = 0
configure:2614: result: yes
configure:2623: checking whether cc accepts -g
configure:2653: cc -c -g  conftest.c >&5
configure:2660: $? = 0
configure:2761: result: yes
configure:2778: checking for cc option to accept ISO C89
configure:2852: cc  -c -g -O2  conftest.c >&5
configure:2859: $? = 0
configure:2882: result: none needed
configure:2912: checking how to run the C preprocessor
configure:2952: cc -E  conftest.c
configure:2959: $? = 0
configure:2990: cc -E  conftest.c
conftest.c:8:28: error: ac_nonexistent.h: No such file or directory
configure:2997: $? = 1
configure: failed program was:
| /* confdefs.h.  */
| #define PACKAGE_NAME "xpa"
| #define PACKAGE_TARNAME "xpa"
| #define PACKAGE_VERSION "2.1.15"
| #define PACKAGE_STRING "xpa 2.1.15"
| #define PACKAGE_BUGREPORT "saord@cfa.harvard.edu"
| /* end confdefs.h.  */
| #include <ac_nonexistent.h>
configure:3030: result: cc -E
configure:3059: cc -E  conftest.c
configure:3066: $? = 0
configure:3097: cc -E  conftest.c
conftest.c:8:28: error: ac_nonexistent.h: No such file or directory
configure:3104: $? = 1
configure: failed program was:
| /* confdefs.h.  */
| #define PACKAGE_NAME "xpa"
| #define PACKAGE_TARNAME "xpa"
| #define PACKAGE_VERSION "2.1.15"
| #define PACKAGE_STRING "xpa 2.1.15"
| #define PACKAGE_BUGREPORT "saord@cfa.harvard.edu"
| /* end confdefs.h.  */
| #include <ac_nonexistent.h>
configure:3144: checking for grep that handles long lines and -e
configure:3204: result: /usr/bin/grep
configure:3209: checking for egrep
configure:3273: result: /usr/bin/grep -E
configure:3278: checking for ANSI C header files
configure:3308: cc -c -g -O2  conftest.c >&5
configure:3315: $? = 0
configure:3414: cc -o conftest -g -O2   conftest.c  >&5
configure:3418: $? = 0
configure:3424: ./conftest
configure:3428: $? = 0
configure:3446: result: yes
configure:3470: checking for sys/types.h
configure:3491: cc -c -g -O2  conftest.c >&5
configure:3498: $? = 0
configure:3515: result: yes
configure:3470: checking for sys/stat.h
configure:3491: cc -c -g -O2  conftest.c >&5
configure:3498: $? = 0
configure:3515: result: yes
configure:3470: checking for stdlib.h
configure:3491: cc -c -g -O2  conftest.c >&5
configure:3498: $? = 0
configure:3515: result: yes
configure:3470: checking for string.h
configure:3491: cc -c -g -O2  conftest.c >&5
configure:3498: $? = 0
configure:3515: result: yes
configure:3470: checking for memory.h
configure:3491: cc -c -g -O2  conftest.c >&5
configure:3498: $? = 0
configure:3515: result: yes
configure:3470: checking for strings.h
configure:3491: cc -c -g -O2  conftest.c >&5
configure:3498: $? = 0
configure:3515: result: yes
configure:3470: checking for inttypes.h
configure:3491: cc -c -g -O2  conftest.c >&5
configure:3498: $? = 0
configure:3515: result: yes
configure:3470: checking for stdint.h
configure:3491: cc -c -g -O2  conftest.c >&5
configure:3498: $? = 0
configure:3515: result: yes
configure:3470: checking for unistd.h
configure:3491: cc -c -g -O2  conftest.c >&5
configure:3498: $? = 0
configure:3515: result: yes
configure:3533: checking size of long
configure:3838: cc -o conftest -g -O2   conftest.c  >&5
configure:3842: $? = 0
configure:3848: ./conftest
configure:3852: $? = 0
configure:3878: result: 8
configure:3934: checking for ranlib
configure:3961: result: ranlib
configure:3984: checking for ANSI C header files
configure:4152: result: yes
configure:4178: checking malloc.h usability
configure:4195: cc -c -g -O2  conftest.c >&5
conftest.c:53:20: error: malloc.h: No such file or directory
configure:4202: $? = 1
configure: failed program was:
| /* confdefs.h.  */
| #define PACKAGE_NAME "xpa"
| #define PACKAGE_TARNAME "xpa"
| #define PACKAGE_VERSION "2.1.15"
| #define PACKAGE_STRING "xpa 2.1.15"
| #define PACKAGE_BUGREPORT "saord@cfa.harvard.edu"
| #define STDC_HEADERS 1
| #define HAVE_SYS_TYPES_H 1
| #define HAVE_SYS_STAT_H 1
| #define HAVE_STDLIB_H 1
| #define HAVE_STRING_H 1
| #define HAVE_MEMORY_H 1
| #define HAVE_STRINGS_H 1
| #define HAVE_INTTYPES_H 1
| #define HAVE_STDINT_H 1
| #define HAVE_UNISTD_H 1
| #define SIZEOF_LONG 8
| #define STDC_HEADERS 1
| /* end confdefs.h.  */
| #include <stdio.h>
| #ifdef HAVE_SYS_TYPES_H
| # include <sys/types.h>
| #endif
| #ifdef HAVE_SYS_STAT_H
| # include <sys/stat.h>
| #endif
| #ifdef STDC_HEADERS
| # include <stdlib.h>
| # include <stddef.h>
| #else
| # ifdef HAVE_STDLIB_H
| #  include <stdlib.h>
| # endif
| #endif
| #ifdef HAVE_STRING_H
| # if !defined STDC_HEADERS && defined HAVE_MEMORY_H
| #  include <memory.h>
| # endif
| # include <string.h>
| #endif
| #ifdef HAVE_STRINGS_H
| # include <strings.h>
| #endif
| #ifdef HAVE_INTTYPES_H
| # include <inttypes.h>
| #endif
| #ifdef HAVE_STDINT_H
| # include <stdint.h>
| #endif
| #ifdef HAVE_UNISTD_H
| # include <unistd.h>
| #endif
| #include <malloc.h>
configure:4216: result: no
configure:4220: checking malloc.h presence
configure:4235: cc -E  conftest.c
conftest.c:20:20: error: malloc.h: No such file or directory
configure:4242: $? = 1
configure: failed program was:
| /* confdefs.h.  */
| #define PACKAGE_NAME "xpa"
| #define PACKAGE_TARNAME "xpa"
| #define PACKAGE_VERSION "2.1.15"
| #define PACKAGE_STRING "xpa 2.1.15"
| #define PACKAGE_BUGREPORT "saord@cfa.harvard.edu"
| #define STDC_HEADERS 1
| #define HAVE_SYS_TYPES_H 1
| #define HAVE_SYS_STAT_H 1
| #define HAVE_STDLIB_H 1
| #define HAVE_STRING_H 1
| #define HAVE_MEMORY_H 1
| #define HAVE_STRINGS_H 1
| #define HAVE_INTTYPES_H 1
| #define HAVE_STDINT_H 1
| #define HAVE_UNISTD_H 1
| #define SIZEOF_LONG 8
| #define STDC_HEADERS 1
| /* end confdefs.h.  */
| #include <malloc.h>
configure:4256: result: no
configure:4289: checking for malloc.h
configure:4298: result: no
configure:4329: checking getopt.h usability
configure:4346: cc -c -g -O2  conftest.c >&5
configure:4353: $? = 0
configure:4367: result: yes
configure:4371: checking getopt.h presence
configure:4386: cc -E  conftest.c
configure:4393: $? = 0
configure:4407: result: yes
configure:4440: checking for getopt.h
configure:4449: result: yes
configure:4480: checking pwd.h usability
configure:4497: cc -c -g -O2  conftest.c >&5
configure:4504: $? = 0
configure:4518: result: yes
configure:4522: checking pwd.h presence
configure:4537: cc -E  conftest.c
configure:4544: $? = 0
configure:4558: result: yes
configure:4591: checking for pwd.h
configure:4600: result: yes
configure:4631: checking values.h usability
configure:4648: cc -c -g -O2  conftest.c >&5
conftest.c:55:20: error: values.h: No such file or directory
configure:4655: $? = 1
configure: failed program was:
| /* confdefs.h.  */
| #define PACKAGE_NAME "xpa"
| #define PACKAGE_TARNAME "xpa"
| #define PACKAGE_VERSION "2.1.15"
| #define PACKAGE_STRING "xpa 2.1.15"
| #define PACKAGE_BUGREPORT "saord@cfa.harvard.edu"
| #define STDC_HEADERS 1
| #define HAVE_SYS_TYPES_H 1
| #define HAVE_SYS_STAT_H 1
| #define HAVE_STDLIB_H 1
| #define HAVE_STRING_H 1
| #define HAVE_MEMORY_H 1
| #define HAVE_STRINGS_H 1
| #define HAVE_INTTYPES_H 1
| #define HAVE_STDINT_H 1
| #define HAVE_UNISTD_H 1
| #define SIZEOF_LONG 8
| #define STDC_HEADERS 1
| #define HAVE_GETOPT_H 1
| #define HAVE_PWD_H 1
| /* end confdefs.h.  */
| #include <stdio.h>
| #ifdef HAVE_SYS_TYPES_H
| # include <sys/types.h>
| #endif
| #ifdef HAVE_SYS_STAT_H
| # include <sys/stat.h>
| #endif
| #ifdef STDC_HEADERS
| # include <stdlib.h>
| # include <stddef.h>
| #else
| # ifdef HAVE_STDLIB_H
| #  include <stdlib.h>
| # endif
| #endif
| #ifdef HAVE_STRING_H
| # if !defined STDC_HEADERS && defined HAVE_MEMORY_H
| #  include <memory.h>
| # endif
| # include <string.h>
| #endif
| #ifdef HAVE_STRINGS_H
| # include <strings.h>
| #endif
| #ifdef HAVE_INTTYPES_H
| # include <inttypes.h>
| #endif
| #ifdef HAVE_STDINT_H
| # include <stdint.h>
| #endif
| #ifdef HAVE_UNISTD_H
| # include <unistd.h>
| #endif
| #include <values.h>
configure:4669: result: no
configure:4673: checking values.h presence
configure:4688: cc -E  conftest.c
conftest.c:22:20: error: values.h: No such file or directory
configure:4695: $? = 1
configure: failed program was:
| /* confdefs.h.  */
| #define PACKAGE_NAME "xpa"
| #define PACKAGE_TARNAME "xpa"
| #define PACKAGE_VERSION "2.1.15"
| #define PACKAGE_STRING "xpa 2.1.15"
| #define PACKAGE_BUGREPORT "saord@cfa.harvard.edu"
| #define STDC_HEADERS 1
| #define HAVE_SYS_TYPES_H 1
| #define HAVE_SYS_STAT_H 1
| #define HAVE_STDLIB_H 1
| #define HAVE_STRING_H 1
| #define HAVE_MEMORY_H 1
| #define HAVE_STRINGS_H 1
| #define HAVE_INTTYPES_H 1
| #define HAVE_STDINT_H 1
| #define HAVE_UNISTD_H 1
| #define SIZEOF_LONG 8
| #define STDC_HEADERS 1
| #define HAVE_GETOPT_H 1
| #define HAVE_PWD_H 1
| /* end confdefs.h.  */
| #include <values.h>
configure:4709: result: no
configure:4742: checking for values.h
configure:4751: result: no
configure:4782: checking dlfcn.h usability
configure:4799: cc -c -g -O2  conftest.c >&5
configure:4806: $? = 0
configure:4820: result: yes
configure:4824: checking dlfcn.h presence
configure:4839: cc -E  conftest.c
configure:4846: $? = 0
configure:4860: result: yes
configure:4893: checking for dlfcn.h
configure:4902: result: yes
configure:4933: checking setjmp.h usability
configure:4950: cc -c -g -O2  conftest.c >&5
configure:4957: $? = 0
configure:4971: result: yes
configure:4975: checking setjmp.h presence
configure:4990: cc -E  conftest.c
configure:4997: $? = 0
configure:5011: result: yes
configure:5044: checking for setjmp.h
configure:5053: result: yes
configure:5084: checking sys/un.h usability
configure:5101: cc -c -g -O2  conftest.c >&5
configure:5108: $? = 0
configure:5122: result: yes
configure:5126: checking sys/un.h presence
configure:5141: cc -E  conftest.c
configure:5148: $? = 0
configure:5162: result: yes
configure:5195: checking for sys/un.h
configure:5204: result: yes
configure:5235: checking sys/shm.h usability
configure:5252: cc -c -g -O2  conftest.c >&5
configure:5259: $? = 0
configure:5273: result: yes
configure:5277: checking sys/shm.h presence
configure:5292: cc -E  conftest.c
configure:5299: $? = 0
configure:5313: result: yes
configure:5346: checking for sys/shm.h
configure:5355: result: yes
configure:5386: checking sys/mman.h usability
configure:5403: cc -c -g -O2  conftest.c >&5
configure:5410: $? = 0
configure:5424: result: yes
configure:5428: checking sys/mman.h presence
configure:5443: cc -E  conftest.c
configure:5450: $? = 0
configure:5464: result: yes
configure:5497: checking for sys/mman.h
configure:5506: result: yes
configure:5537: checking sys/ipc.h usability
configure:5554: cc -c -g -O2  conftest.c >&5
configure:5561: $? = 0
configure:5575: result: yes
configure:5579: checking sys/ipc.h presence
configure:5594: cc -E  conftest.c
configure:5601: $? = 0
configure:5615: result: yes
configure:5648: checking for sys/ipc.h
configure:5657: result: yes
configure:5673: checking for socklen_t
configure:5702: cc -c -g -O2  conftest.c >&5
configure:5709: $? = 0
configure:5737: cc -c -g -O2  conftest.c >&5
conftest.c: In function 'main':
conftest.c:33: error: expected expression before ')' token
configure:5744: $? = 1
configure: failed program was:
| /* confdefs.h.  */
| #define PACKAGE_NAME "xpa"
| #define PACKAGE_TARNAME "xpa"
| #define PACKAGE_VERSION "2.1.15"
| #define PACKAGE_STRING "xpa 2.1.15"
| #define PACKAGE_BUGREPORT "saord@cfa.harvard.edu"
| #define STDC_HEADERS 1
| #define HAVE_SYS_TYPES_H 1
| #define HAVE_SYS_STAT_H 1
| #define HAVE_STDLIB_H 1
| #define HAVE_STRING_H 1
| #define HAVE_MEMORY_H 1
| #define HAVE_STRINGS_H 1
| #define HAVE_INTTYPES_H 1
| #define HAVE_STDINT_H 1
| #define HAVE_UNISTD_H 1
| #define SIZEOF_LONG 8
| #define STDC_HEADERS 1
| #define HAVE_GETOPT_H 1
| #define HAVE_PWD_H 1
| #define HAVE_DLFCN_H 1
| #define HAVE_SETJMP_H 1
| #define HAVE_SYS_UN_H 1
| #define HAVE_SYS_SHM_H 1
| #define HAVE_SYS_MMAN_H 1
| #define HAVE_SYS_IPC_H 1
| /* end confdefs.h.  */
| #include <sys/socket.h>
| 
| int
| main ()
| {
| if (sizeof ((socklen_t)))
| 	  return 0;
|   ;
|   return 0;
| }
configure:5767: result: yes
configure:5779: checking for an ANSI C-conforming const
configure:5854: cc -c -g -O2  conftest.c >&5
configure:5861: $? = 0
configure:5876: result: yes
configure:5895: checking for strchr
configure:5951: cc -o conftest -g -O2   conftest.c  >&5
conftest.c:52: warning: conflicting types for built-in function 'strchr'
configure:5958: $? = 0
configure:5980: result: yes
configure:5895: checking for memcpy
configure:5951: cc -o conftest -g -O2   conftest.c  >&5
conftest.c:53: warning: conflicting types for built-in function 'memcpy'
configure:5958: $? = 0
configure:5980: result: yes
configure:5895: checking for snprintf
configure:5951: cc -o conftest -g -O2   conftest.c  >&5
conftest.c:54: warning: conflicting types for built-in function 'snprintf'
configure:5958: $? = 0
configure:5980: result: yes
configure:5895: checking for atexit
configure:5951: cc -o conftest -g -O2   conftest.c  >&5
configure:5958: $? = 0
configure:5980: result: yes
configure:5895: checking for setenv
configure:5951: cc -o conftest -g -O2   conftest.c  >&5
configure:5958: $? = 0
configure:5980: result: yes
configure:5993: checking for connect
configure:6049: cc -o conftest -g -O2   conftest.c  >&5
configure:6056: $? = 0
configure:6076: result: yes
configure:6150: checking for gethostbyname
configure:6206: cc -o conftest -g -O2   conftest.c  >&5
configure:6213: $? = 0
configure:6233: result: yes
configure:6313: checking for threaded xpans
configure:6410: result: no
configure:6415: checking for shared library build
configure:6438: result: no
configure:6441: checking for request to use posix_spawn
configure:6450: result: no
configure:6708: checking for X
configure:6823: cc -E  conftest.c
configure:6830: $? = 0
configure:6879: cc -o conftest -g -O2   conftest.c -lX11  >&5
ld: library not found for -lX11
collect2: ld returned 1 exit status
configure:6886: $? = 1
configure: failed program was:
| /* confdefs.h.  */
| #define PACKAGE_NAME "xpa"
| #define PACKAGE_TARNAME "xpa"
| #define PACKAGE_VERSION "2.1.15"
| #define PACKAGE_STRING "xpa 2.1.15"
| #define PACKAGE_BUGREPORT "saord@cfa.harvard.edu"
| #define STDC_HEADERS 1
| #define HAVE_SYS_TYPES_H 1
| #define HAVE_SYS_STAT_H 1
| #define HAVE_STDLIB_H 1
| #define HAVE_STRING_H 1
| #define HAVE_MEMORY_H 1
| #define HAVE_STRINGS_H 1
| #define HAVE_INTTYPES_H 1
| #define HAVE_STDINT_H 1
| #define HAVE_UNISTD_H 1
| #define SIZEOF_LONG 8
| #define STDC_HEADERS 1
| #define HAVE_GETOPT_H 1
| #define HAVE_PWD_H 1
| #define HAVE_DLFCN_H 1
| #define HAVE_SETJMP_H 1
| #define HAVE_SYS_UN_H 1
| #define HAVE_SYS_SHM_H 1
| #define HAVE_SYS_MMAN_H 1
| #define HAVE_SYS_IPC_H 1
| #define HAVE_SOCKLEN_T 1
| #define HAVE_STRCHR 1
| #define HAVE_MEMCPY 1
| #define HAVE_SNPRINTF 1
| #define HAVE_ATEXIT 1
| #define HAVE_SETENV 1
| /* end confdefs.h.  */
| #include <X11/Xlib.h>
| int
| main ()
| {
| XrmInitialize ()
|   ;
|   return 0;
| }
configure:6948: result: libraries /usr/X11/lib, headers 
configure:6970: checking whether -R must be followed by a space
configure:6996: cc -o conftest -g -O2   conftest.c  -R/usr/X11/lib >&5
configure:7003: $? = 0
configure:7011: result: no
configure:7117: cc -o conftest -g -O2   conftest.c   -L/usr/X11/lib -R/usr/X11/lib -lX11 >&5
configure:7124: $? = 0
configure:7292: checking for gethostbyname
configure:7375: result: yes
configure:7528: checking for connect
configure:7611: result: yes
configure:7687: checking for remove
configure:7743: cc -o conftest -g -O2   conftest.c  >&5
configure:7750: $? = 0
configure:7770: result: yes
configure:7846: checking for shmat
configure:7902: cc -o conftest -g -O2   conftest.c  >&5
configure:7909: $? = 0
configure:7929: result: yes
configure:8014: checking for IceConnectionNumber in -lICE
configure:8049: cc -o conftest -g -O2   -L/usr/X11/lib conftest.c -lICE   >&5
configure:8056: $? = 0
configure:8077: result: yes
configure:8110: checking for Tcl configuration
configure:8190: result: found /usr/lib/tclConfig.sh
configure:8197: checking for existence of /usr/lib/tclConfig.sh
configure:8201: result: loading
configure:8257: result: Tcl support will utilize library: -F/System/Library/Frameworks -framework Tcl
configure:8283: checking for incorporation of thread support
configure:8298: result: no
configure:8302: checking for gtk
configure:8324: result: no
configure:8333: checking darwin10.8.0 configuration
configure:8561: creating ./config.status

## ---------------------- ##
## Running config.status. ##
## ---------------------- ##

This file was extended by xpa config.status 2.1.15, which was
generated by GNU Autoconf 2.63.  Invocation command line was

  CONFIG_FILES    = 
  CONFIG_HEADERS  = 
  CONFIG_LINKS    = 
  CONFIG_COMMANDS = 
  $ ./config.status 

on intimachay.stsci.edu

config.status:771: creating Makefile
config.status:771: creating conf.h

## ---------------- ##
## Cache variables. ##
## ---------------- ##

ac_cv_build=i386-apple-darwin10.8.0
ac_cv_c_compiler_gnu=yes
ac_cv_c_const=yes
ac_cv_c_tclconfig=/usr/lib
ac_cv_env_CC_set=set
ac_cv_env_CC_value=cc
ac_cv_env_CFLAGS_set=
ac_cv_env_CFLAGS_value=
ac_cv_env_CPPFLAGS_set=
ac_cv_env_CPPFLAGS_value=
ac_cv_env_CPP_set=
ac_cv_env_CPP_value=
ac_cv_env_LDFLAGS_set=
ac_cv_env_LDFLAGS_value=
ac_cv_env_LIBS_set=
ac_cv_env_LIBS_value=
ac_cv_env_XMKMF_set=
ac_cv_env_XMKMF_value=
ac_cv_env_build_alias_set=
ac_cv_env_build_alias_value=
ac_cv_env_host_alias_set=
ac_cv_env_host_alias_value=
ac_cv_env_target_alias_set=
ac_cv_env_target_alias_value=
ac_cv_func_atexit=yes
ac_cv_func_connect=yes
ac_cv_func_gethostbyname=yes
ac_cv_func_memcpy=yes
ac_cv_func_remove=yes
ac_cv_func_setenv=yes
ac_cv_func_shmat=yes
ac_cv_func_snprintf=yes
ac_cv_func_strchr=yes
ac_cv_have_x='have_x=yes	ac_x_includes='\'''\''	ac_x_libraries='\''/usr/X11/lib'\'''
ac_cv_header_dlfcn_h=yes
ac_cv_header_getopt_h=yes
ac_cv_header_inttypes_h=yes
ac_cv_header_malloc_h=no
ac_cv_header_memory_h=yes
ac_cv_header_pwd_h=yes
ac_cv_header_setjmp_h=yes
ac_cv_header_stdc=yes
ac_cv_header_stdint_h=yes
ac_cv_header_stdlib_h=yes
ac_cv_header_string_h=yes
ac_cv_header_strings_h=yes
ac_cv_header_sys_ipc_h=yes
ac_cv_header_sys_mman_h=yes
ac_cv_header_sys_shm_h=yes
ac_cv_header_sys_stat_h=yes
ac_cv_header_sys_types_h=yes
ac_cv_header_sys_un_h=yes
ac_cv_header_unistd_h=yes
ac_cv_header_values_h=no
ac_cv_host=i386-apple-darwin10.8.0
ac_cv_lib_ICE_IceConnectionNumber=yes
ac_cv_objext=o
ac_cv_path_EGREP='/usr/bin/grep -E'
ac_cv_path_GREP=/usr/bin/grep
ac_cv_path_INTLTOOL_PERL=/usr/bin/perl
ac_cv_prog_CPP='cc -E'
ac_cv_prog_ac_ct_CC=cc
ac_cv_prog_ac_ct_RANLIB=ranlib
ac_cv_prog_cc_c89=
ac_cv_prog_cc_g=yes
ac_cv_sizeof_long=8
ac_cv_type_socklen_t=yes

## ----------------- ##
## Output variables. ##
## ----------------- ##

CC='cc'
CFLAGS='-g -O2'
CPP='cc -E'
CPPFLAGS=''
DEFS='-DHAVE_CONFIG_H'
DOSHARED=''
ECHO_C='\c'
ECHO_N=''
ECHO_T=''
EGREP='/usr/bin/grep -E'
EXEEXT=''
EXTRA_LIBS=''
GREP='/usr/bin/grep'
GTK_CFLAGS=''
GTK_LIBS=''
LDFLAGS='  -g -O2'
LIBOBJS=''
LIBS=''
LLIB='$(LIB)'
LTLIBOBJS=''
OBJEXT='o'
PACKAGE_BUGREPORT='saord@cfa.harvard.edu'
PACKAGE_NAME='xpa'
PACKAGE_STRING='xpa 2.1.15'
PACKAGE_TARNAME='xpa'
PACKAGE_VERSION='2.1.15'
PATH_SEPARATOR=':'
RANLIB='ranlib'
SHELL='/bin/sh'
SZ_LONG='8'
TCL_BIN_DIR='/usr/lib'
TCL_CFLAGS='-I/System/Library/Frameworks/Tcl.framework/Versions/8.5/Headers'
TCL_LIBS='-F/System/Library/Frameworks -framework Tcl'
TCL_LIB_FILE='Tcl'
TCL_LIB_FLAG='-framework Tcl'
TCL_LIB_SPEC='-F/System/Library/Frameworks -framework Tcl'
TCL_SRC_DIR='/SourceCache/tcl/tcl-87/tcl/tcl'
TCL_STUB_LIB_FILE='libtclstub8.5.a'
TCL_STUB_LIB_FLAG='-ltclstub8.5'
TCL_STUB_LIB_SPEC='-L/System/Library/Frameworks/Tcl.framework/Versions/8.5 -ltclstub8.5'
TCL_VERSION='8.5'
TLIB=''
XMKMF=''
X_CFLAGS=''
X_EXTRA_LIBS=''
X_LIBS=' -L/usr/X11/lib -R/usr/X11/lib'
X_PRE_LIBS=' -lSM -lICE'
ac_ct_CC='cc'
bindir='${exec_prefix}/bin'
build='i386-apple-darwin10.8.0'
build_alias=''
build_cpu='i386'
build_os='darwin10.8.0'
build_vendor='apple'
datadir='${datarootdir}'
datarootdir='${prefix}/share'
docdir='${datarootdir}/doc/${PACKAGE_TARNAME}'
dvidir='${docdir}'
exec_prefix='${prefix}'
host='i386-apple-darwin10.8.0'
host_alias=''
host_cpu='i386'
host_os='darwin10.8.0'
host_vendor='apple'
htmldir='${docdir}'
includedir='${prefix}/include'
infodir='${datarootdir}/info'
libdir='${exec_prefix}/lib'
libexecdir='${exec_prefix}/libexec'
localedir='${datarootdir}/locale'
localstatedir='${prefix}/var'
mandir='${datarootdir}/man'
oldincludedir='/usr/include'
pdfdir='${docdir}'
prefix='/usr/local'
program_transform_name='s,x,x,'
psdir='${docdir}'
sbindir='${exec_prefix}/sbin'
sharedstatedir='${prefix}/com'
sysconfdir='${prefix}/etc'
target_alias=''

## ----------- ##
## confdefs.h. ##
## ----------- ##

#define PACKAGE_NAME "xpa"
#define PACKAGE_TARNAME "xpa"
#define PACKAGE_VERSION "2.1.15"
#define PACKAGE_STRING "xpa 2.1.15"
#define PACKAGE_BUGREPORT "saord@cfa.harvard.edu"
#define STDC_HEADERS 1
#define HAVE_SYS_TYPES_H 1
#define HAVE_SYS_STAT_H 1
#define HAVE_STDLIB_H 1
#define HAVE_STRING_H 1
#define HAVE_MEMORY_H 1
#define HAVE_STRINGS_H 1
#define HAVE_INTTYPES_H 1
#define HAVE_STDINT_H 1
#define HAVE_UNISTD_H 1
#define SIZEOF_LONG 8
#define STDC_HEADERS 1
#define HAVE_GETOPT_H 1
#define HAVE_PWD_H 1
#define HAVE_DLFCN_H 1
#define HAVE_SETJMP_H 1
#define HAVE_SYS_UN_H 1
#define HAVE_SYS_SHM_H 1
#define HAVE_SYS_MMAN_H 1
#define HAVE_SYS_IPC_H 1
#define HAVE_SOCKLEN_T 1
#define HAVE_STRCHR 1
#define HAVE_MEMCPY 1
#define HAVE_SNPRINTF 1
#define HAVE_ATEXIT 1
#define HAVE_SETENV 1
#define HAVE_XT 1
#define HAVE_TCL 1

configure: exit 0
